<?xml version="1.0" encoding="UTF-8"?>
<testsuite name="io.grpc.transport.netty.NettyWritableBufferAllocatorTest" tests="2" skipped="0" failures="0" errors="0" timestamp="2015-03-23T00:42:44" hostname="ip-172-31-3-252" time="0.026">
  <properties/>
  <testcase name="testBuffersAreDifferent" classname="io.grpc.transport.netty.NettyWritableBufferAllocatorTest" time="0.023"/>
  <testcase name="testCapacity" classname="io.grpc.transport.netty.NettyWritableBufferAllocatorTest" time="0.002"/>
  <system-out><![CDATA[]]></system-out>
  <system-err><![CDATA[]]></system-err>
</testsuite>
