<?xml version="1.0" encoding="UTF-8"?>
<testsuite name="io.grpc.transport.netty.NettyReadableBufferTest" tests="9" skipped="0" failures="0" errors="0" timestamp="2015-03-23T00:42:44" hostname="ip-172-31-3-252" time="0.071">
  <properties/>
  <testcase name="closeShouldReleaseBuffer" classname="io.grpc.transport.netty.NettyReadableBufferTest" time="0.002"/>
  <testcase name="closeMultipleTimesShouldReleaseBufferOnce" classname="io.grpc.transport.netty.NettyReadableBufferTest" time="0.002"/>
  <testcase name="partialReadToArrayShouldSucceed" classname="io.grpc.transport.netty.NettyReadableBufferTest" time="0.003"/>
  <testcase name="bufferShouldReadAllBytes" classname="io.grpc.transport.netty.NettyReadableBufferTest" time="0.02"/>
  <testcase name="partialReadToByteBufferShouldSucceed" classname="io.grpc.transport.netty.NettyReadableBufferTest" time="0.002"/>
  <testcase name="readToByteBufferShouldSucceed" classname="io.grpc.transport.netty.NettyReadableBufferTest" time="0.013"/>
  <testcase name="readToStreamShouldSucceed" classname="io.grpc.transport.netty.NettyReadableBufferTest" time="0.009"/>
  <testcase name="readToArrayShouldSucceed" classname="io.grpc.transport.netty.NettyReadableBufferTest" time="0.006"/>
  <testcase name="partialReadToStreamShouldSucceed" classname="io.grpc.transport.netty.NettyReadableBufferTest" time="0.0"/>
  <system-out><![CDATA[]]></system-out>
  <system-err><![CDATA[]]></system-err>
</testsuite>
