<?xml version="1.0" encoding="UTF-8"?>
<testsuite name="io.grpc.transport.netty.NettyWritableBufferTest" tests="7" skipped="0" failures="0" errors="0" timestamp="2015-03-23T00:42:45" hostname="ip-172-31-3-252" time="0.03">
  <properties/>
  <testcase name="testWriteSrcIndexAndLengthExceedSrcLength" classname="io.grpc.transport.netty.NettyWritableBufferTest" time="0.003"/>
  <testcase name="testWritableAndReadableBytes" classname="io.grpc.transport.netty.NettyWritableBufferTest" time="0.003"/>
  <testcase name="testWriteNegativeLength" classname="io.grpc.transport.netty.NettyWritableBufferTest" time="0.001"/>
  <testcase name="testWriteSrcIndex" classname="io.grpc.transport.netty.NettyWritableBufferTest" time="0.0"/>
  <testcase name="testMultipleWrites" classname="io.grpc.transport.netty.NettyWritableBufferTest" time="0.001"/>
  <testcase name="testWriteSrcIndexAndLengthExceedWritableBytes" classname="io.grpc.transport.netty.NettyWritableBufferTest" time="0.0"/>
  <testcase name="testWriteNegativeSrcIndex" classname="io.grpc.transport.netty.NettyWritableBufferTest" time="0.0"/>
  <system-out><![CDATA[]]></system-out>
  <system-err><![CDATA[]]></system-err>
</testsuite>
