<?xml version="1.0" encoding="UTF-8"?>
<testsuite name="io.grpc.stub.CallsTest" tests="3" skipped="0" failures="0" errors="0" timestamp="2015-03-23T00:42:53" hostname="ip-172-31-3-252" time="0.174">
  <properties/>
  <testcase name="unaryFutureCallCancelled" classname="io.grpc.stub.CallsTest" time="0.167"/>
  <testcase name="unaryFutureCallFailed" classname="io.grpc.stub.CallsTest" time="0.004"/>
  <testcase name="unaryFutureCallSuccess" classname="io.grpc.stub.CallsTest" time="0.001"/>
  <system-out><![CDATA[]]></system-out>
  <system-err><![CDATA[]]></system-err>
</testsuite>
