<?xml version="1.0" encoding="UTF-8"?>
<testsuite name="io.grpc.ServerInterceptorsTest" tests="9" skipped="0" failures="0" errors="0" timestamp="2015-03-23T00:36:33" hostname="ip-172-31-3-252" time="0.128">
  <properties/>
  <testcase name="npeForNullInterceptorList" classname="io.grpc.ServerInterceptorsTest" time="0.042"/>
  <testcase name="ordered" classname="io.grpc.ServerInterceptorsTest" time="0.009"/>
  <testcase name="callNextTwice" classname="io.grpc.ServerInterceptorsTest" time="0.004"/>
  <testcase name="argumentsPassed" classname="io.grpc.ServerInterceptorsTest" time="0.005"/>
  <testcase name="noop" classname="io.grpc.ServerInterceptorsTest" time="0.002"/>
  <testcase name="npeForNullServiceDefinition" classname="io.grpc.ServerInterceptorsTest" time="0.001"/>
  <testcase name="multipleInvocationsOfHandler" classname="io.grpc.ServerInterceptorsTest" time="0.043"/>
  <testcase name="correctHandlerCalled" classname="io.grpc.ServerInterceptorsTest" time="0.007"/>
  <testcase name="npeForNullInterceptor" classname="io.grpc.ServerInterceptorsTest" time="0.0"/>
  <system-out><![CDATA[]]></system-out>
  <system-err><![CDATA[]]></system-err>
</testsuite>
