<?xml version="1.0" encoding="UTF-8"?>
<testsuite name="io.grpc.transport.ReadableBuffersByteBufferTest" tests="7" skipped="0" failures="0" errors="0" timestamp="2015-03-23T00:36:34" hostname="ip-172-31-3-252" time="0.04">
  <properties/>
  <testcase name="partialReadToArrayShouldSucceed" classname="io.grpc.transport.ReadableBuffersByteBufferTest" time="0.006"/>
  <testcase name="bufferShouldReadAllBytes" classname="io.grpc.transport.ReadableBuffersByteBufferTest" time="0.006"/>
  <testcase name="partialReadToByteBufferShouldSucceed" classname="io.grpc.transport.ReadableBuffersByteBufferTest" time="0.002"/>
  <testcase name="readToByteBufferShouldSucceed" classname="io.grpc.transport.ReadableBuffersByteBufferTest" time="0.003"/>
  <testcase name="readToStreamShouldSucceed" classname="io.grpc.transport.ReadableBuffersByteBufferTest" time="0.003"/>
  <testcase name="readToArrayShouldSucceed" classname="io.grpc.transport.ReadableBuffersByteBufferTest" time="0.003"/>
  <testcase name="partialReadToStreamShouldSucceed" classname="io.grpc.transport.ReadableBuffersByteBufferTest" time="0.001"/>
  <system-out><![CDATA[]]></system-out>
  <system-err><![CDATA[]]></system-err>
</testsuite>
