<?xml version="1.0" encoding="UTF-8"?>
<testsuite name="io.grpc.transport.AbstractReadableBufferTest" tests="4" skipped="0" failures="0" errors="0" timestamp="2015-03-23T00:36:34" hostname="ip-172-31-3-252" time="0.026">
  <properties/>
  <testcase name="readNegativeIntShouldSucceed" classname="io.grpc.transport.AbstractReadableBufferTest" time="0.013"/>
  <testcase name="readUnsignedShortShouldSucceed" classname="io.grpc.transport.AbstractReadableBufferTest" time="0.001"/>
  <testcase name="readUnsignedMediumShouldSucceed" classname="io.grpc.transport.AbstractReadableBufferTest" time="0.005"/>
  <testcase name="readPositiveIntShouldSucceed" classname="io.grpc.transport.AbstractReadableBufferTest" time="0.001"/>
  <system-out><![CDATA[]]></system-out>
  <system-err><![CDATA[]]></system-err>
</testsuite>
