<?xml version="1.0" encoding="UTF-8"?>
<testsuite name="io.grpc.StatusTest" tests="1" skipped="0" failures="0" errors="0" timestamp="2015-03-23T00:36:33" hostname="ip-172-31-3-252" time="0.004">
  <properties/>
  <testcase name="verifyExceptionMessage" classname="io.grpc.StatusTest" time="0.004"/>
  <system-out><![CDATA[]]></system-out>
  <system-err><![CDATA[]]></system-err>
</testsuite>
