<?xml version="1.0" encoding="UTF-8"?>
<testsuite name="io.grpc.SharedResourceHolderTest" tests="4" skipped="0" failures="0" errors="0" timestamp="2015-03-23T00:36:33" hostname="ip-172-31-3-252" time="0.039">
  <properties/>
  <testcase name="overreleaseInstance" classname="io.grpc.SharedResourceHolderTest" time="0.021"/>
  <testcase name="releaseWrongInstance" classname="io.grpc.SharedResourceHolderTest" time="0.0"/>
  <testcase name="cancelDestroyTask" classname="io.grpc.SharedResourceHolderTest" time="0.004"/>
  <testcase name="destroyResourceWhenRefCountReachesZero" classname="io.grpc.SharedResourceHolderTest" time="0.011"/>
  <system-out><![CDATA[]]></system-out>
  <system-err><![CDATA[]]></system-err>
</testsuite>
