<?xml version="1.0" encoding="UTF-8"?>
<testsuite name="io.grpc.transport.okhttp.OkHttpWritableBufferAllocatorTest" tests="2" skipped="0" failures="0" errors="0" timestamp="2015-03-23T00:42:49" hostname="ip-172-31-3-252" time="0.001">
  <properties/>
  <testcase name="testBuffersAreDifferent" classname="io.grpc.transport.okhttp.OkHttpWritableBufferAllocatorTest" time="0.0"/>
  <testcase name="testCapacity" classname="io.grpc.transport.okhttp.OkHttpWritableBufferAllocatorTest" time="0.0"/>
  <system-out><![CDATA[]]></system-out>
  <system-err><![CDATA[]]></system-err>
</testsuite>
