<?xml version="1.0" encoding="UTF-8"?>
<testsuite name="io.grpc.transport.okhttp.OkHttpReadableBufferTest" tests="7" skipped="0" failures="0" errors="0" timestamp="2015-03-23T00:42:49" hostname="ip-172-31-3-252" time="0.045">
  <properties/>
  <testcase name="partialReadToByteBufferShouldSucceed" classname="io.grpc.transport.okhttp.OkHttpReadableBufferTest" time="0.006"/>
  <testcase name="readToByteBufferShouldSucceed" classname="io.grpc.transport.okhttp.OkHttpReadableBufferTest" time="0.0"/>
  <testcase name="partialReadToArrayShouldSucceed" classname="io.grpc.transport.okhttp.OkHttpReadableBufferTest" time="0.001"/>
  <testcase name="bufferShouldReadAllBytes" classname="io.grpc.transport.okhttp.OkHttpReadableBufferTest" time="0.01"/>
  <testcase name="readToStreamShouldSucceed" classname="io.grpc.transport.okhttp.OkHttpReadableBufferTest" time="0.01"/>
  <testcase name="readToArrayShouldSucceed" classname="io.grpc.transport.okhttp.OkHttpReadableBufferTest" time="0.006"/>
  <testcase name="partialReadToStreamShouldSucceed" classname="io.grpc.transport.okhttp.OkHttpReadableBufferTest" time="0.0"/>
  <system-out><![CDATA[]]></system-out>
  <system-err><![CDATA[]]></system-err>
</testsuite>
