<?xml version="1.0" encoding="UTF-8"?>
<testsuite name="io.grpc.stub.StubConfigTest" tests="1" skipped="0" failures="0" errors="0" timestamp="2015-03-23T00:36:39" hostname="ip-172-31-3-252" time="0.079">
  <properties/>
  <testcase name="testConfigureTimeout" classname="io.grpc.stub.StubConfigTest" time="0.079"/>
  <system-out><![CDATA[]]></system-out>
  <system-err><![CDATA[]]></system-err>
</testsuite>
